-------------------------------------------------------------------------------
Test set: de.gematik.idp.gsi.server.ServerUrlServiceTest
-------------------------------------------------------------------------------
Tests run: 4, Failures: 2, Errors: 0, Skipped: 0, Time elapsed: 9.058 s <<< FAILURE! -- in de.gematik.idp.gsi.server.ServerUrlServiceTest
de.gematik.idp.gsi.server.ServerUrlServiceTest.testDetermineServerUrl -- Time elapsed: 0.862 s <<< FAILURE!
java.lang.AssertionError: 

Expecting actual:
  "http://127.0.0.1:8085"
to contain:
  "gsi.dev.gematik.solutions" 
	at de.gematik.idp.gsi.server.ServerUrlServiceTest.testDetermineServerUrl(ServerUrlServiceTest.java:59)
	at java.base/java.lang.reflect.Method.invoke(Method.java:580)
	at java.base/java.util.ArrayList.forEach(ArrayList.java:1596)
	at java.base/java.util.ArrayList.forEach(ArrayList.java:1596)

de.gematik.idp.gsi.server.ServerUrlServiceTest.testFedmasterServerUrl -- Time elapsed: 0.018 s <<< FAILURE!
org.opentest4j.AssertionFailedError: 

expected: "https://app-test.federationmaster.de"
 but was: "http://127.0.0.1:8083"
	at de.gematik.idp.gsi.server.ServerUrlServiceTest.testFedmasterServerUrl(ServerUrlServiceTest.java:65)
	at java.base/java.lang.reflect.Method.invoke(Method.java:580)
	at java.base/java.util.ArrayList.forEach(ArrayList.java:1596)
	at java.base/java.util.ArrayList.forEach(ArrayList.java:1596)

