-------------------------------------------------------------------------------
Test set: de.gematik.idp.gsi.server.controller.FedIdpControllerTest
-------------------------------------------------------------------------------
Tests run: 56, Failures: 1, Errors: 0, Skipped: 1, Time elapsed: 14.99 s <<< FAILURE! -- in de.gematik.idp.gsi.server.controller.FedIdpControllerTest
de.gematik.idp.gsi.server.controller.FedIdpControllerTest.test_entityStatement_OpenidProviderClaimsContentCorrect -- Time elapsed: 0.008 s <<< FAILURE!
java.lang.AssertionError: 

Expecting map:
  {"authorization_endpoint"="http://127.0.0.1:8085/auth", "claims_parameter_supported"=true, "claims_supported"=["birthdate",
    "urn:telematik:claims:profession",
    "urn:telematik:claims:family_name",
    "urn:telematik:claims:id",
    "urn:telematik:claims:organization",
    "urn:telematik:claims:email",
    "urn:telematik:claims:geschlecht",
    "urn:telematik:claims:alter",
    "urn:telematik:claims:display_name",
    "urn:telematik:claims:given_name"], "client_registration_types_supported"=["automatic"], "grant_types_supported"=["authorization_code"], "id_token_encryption_alg_values_supported"=["ECDH-ES"], "id_token_encryption_enc_values_supported"=["A256GCM"], "id_token_signing_alg_values_supported"=["ES256"], "issuer"="http://127.0.0.1:8085", "logo_uri"="https://raw.githubusercontent.com/gematik/zero-lab/main/static/images/GID_App_light_mode.svg", "organization_name"="deprecated gematik sektoraler IDP", "pushed_authorization_request_endpoint"="http://127.0.0.1:8085/PAR_Auth", "request_authentication_methods_supported"={"ar"=["none"], "par"=["self_signed_tls_client_auth"]}, "require_pushed_authorization_requests"=true, "response_modes_supported"=["query"], "response_types_supported"=["code"], "scopes_supported"=["urn:telematik:geschlecht",
    "urn:telematik:alter",
    "urn:telematik:family_name",
    "urn:telematik:email",
    "openid",
    "urn:telematik:geburtsdatum",
    "urn:telematik:given_name",
    "urn:telematik:versicherter",
    "urn:telematik:display_name"], "signed_jwks_uri"="http://127.0.0.1:8085/jws.json", "subject_types_supported"=["pairwise"], "ti_features_supported"={"id_token_version_supported"=["1.0.0"]}, "token_endpoint"="http://127.0.0.1:8085/token", "token_endpoint_auth_methods_supported"=["self_signed_tls_client_auth"], "user_type_supported"=["IP"]}
to contain entries:
  ["issuer"="https://gsi.dev.gematik.solutions"]
but the following map entries had different values:
  ["issuer"="http://127.0.0.1:8085" (expected: "https://gsi.dev.gematik.solutions")]
	at de.gematik.idp.gsi.server.controller.FedIdpControllerTest.test_entityStatement_OpenidProviderClaimsContentCorrect(FedIdpControllerTest.java:276)
	at java.base/java.lang.reflect.Method.invoke(Method.java:580)
	at java.base/java.util.ArrayList.forEach(ArrayList.java:1596)
	at java.base/java.util.ArrayList.forEach(ArrayList.java:1596)

